<?xml version="1.0" encoding="UTF-8"?>
<testsuite name="ContactManagerImplTests.ContactManagerImplShould" tests="46" skipped="0" failures="0" errors="0" timestamp="2017-03-18T20:45:10" hostname="NathanHsMacBook.home" time="0.863">
  <properties/>
  <testcase name="returnAFutureMeetingByItsIdNumber" classname="ContactManagerImplTests.ContactManagerImplShould" time="0.035"/>
  <testcase name="returnsAnIntWithExpectedIdWhenCallingAddNewPastMeeting" classname="ContactManagerImplTests.ContactManagerImplShould" time="0.028"/>
  <testcase name="throwIllegalArgumentExceptionForPassingEmptyStrings" classname="ContactManagerImplTests.ContactManagerImplShould" time="0.036"/>
  <testcase name="returnNullMeetingIfGetPastMeetingCantFindId" classname="ContactManagerImplTests.ContactManagerImplShould" time="0.038"/>
  <testcase name="throwIllegalArgumentExceptionWhenPassingUnknownContactToAddNewPastMeeting" classname="ContactManagerImplTests.ContactManagerImplShould" time="0.013"/>
  <testcase name="throwIllegalStateExceptionIfIdBelongsToFutureMeeting" classname="ContactManagerImplTests.ContactManagerImplShould" time="0.033"/>
  <testcase name="notThrowExceptionWhenCallingAddNewPastMeetingAndAllContactsAreKnown" classname="ContactManagerImplTests.ContactManagerImplShould" time="0.019"/>
  <testcase name="throwIllegalArgExceptionWhenPassingFutureDateToAddNewPastMeeting" classname="ContactManagerImplTests.ContactManagerImplShould" time="0.014"/>
  <testcase name="throwNullPointerExceptionIfAnyParamsForAddNewPastMeetingAreNull" classname="ContactManagerImplTests.ContactManagerImplShould" time="0.023"/>
  <testcase name="throwNullPointerExceptionWhenPassingNullCalendarThroughGetMeetingListOn" classname="ContactManagerImplTests.ContactManagerImplShould" time="0.033"/>
  <testcase name="returnAListOfPastMeetingsContainingKnownContactWhenCallingGetPastMeetingList" classname="ContactManagerImplTests.ContactManagerImplShould" time="0.026"/>
  <testcase name="throwIllegalArgExceptionWhenPassingPastDate" classname="ContactManagerImplTests.ContactManagerImplShould" time="0.019"/>
  <testcase name="returnASetOfContactsWhoseIDsMatchThoseRequestedWhenCallingGetContacts" classname="ContactManagerImplTests.ContactManagerImplShould" time="0.016"/>
  <testcase name="throwIllegalArgumentExceptionWhenCallingGetPastMeetingForWithUnknownContact" classname="ContactManagerImplTests.ContactManagerImplShould" time="0.014"/>
  <testcase name="returnASortedPastMeetingListWhenCallingGetMeetingListOn" classname="ContactManagerImplTests.ContactManagerImplShould" time="0.01"/>
  <testcase name="returnASetOfContactsContainingOnlyTheDesiredName" classname="ContactManagerImplTests.ContactManagerImplShould" time="0.012"/>
  <testcase name="returnAPastMeetingByItsIdNumber" classname="ContactManagerImplTests.ContactManagerImplShould" time="0.005"/>
  <testcase name="returnAllNotesToAPastMeetingWhenCallingGetNotes" classname="ContactManagerImplTests.ContactManagerImplShould" time="0.01"/>
  <testcase name="throwNullPointerExceptionWhenPassingNullStringThroughGetContacts" classname="ContactManagerImplTests.ContactManagerImplShould" time="0.008"/>
  <testcase name="throwIllegalArgumentExceptionIfMeetingDoesNotExist" classname="ContactManagerImplTests.ContactManagerImplShould" time="0.01"/>
  <testcase name="returnExpectedIntWhenCallingAddFutureMeeting" classname="ContactManagerImplTests.ContactManagerImplShould" time="0.009"/>
  <testcase name="throwNullPointerExceptionWhenPassingANullContactThroughGetFutureMeetingList" classname="ContactManagerImplTests.ContactManagerImplShould" time="0.014"/>
  <testcase name="returnAnEmptySetWhenCallingGetContactsForAnUnknownContact" classname="ContactManagerImplTests.ContactManagerImplShould" time="0.009"/>
  <testcase name="returnAMeetingByItsIdNumber" classname="ContactManagerImplTests.ContactManagerImplShould" time="0.015"/>
  <testcase name="returnAnEmptyMeetingListIfThereAreNoMeetingsOnRequestedDate" classname="ContactManagerImplTests.ContactManagerImplShould" time="0.075"/>
  <testcase name="throwIllegalArgumentExceptionWhenPassingUnknownContactToAddFutureMeeting" classname="ContactManagerImplTests.ContactManagerImplShould" time="0.008"/>
  <testcase name="throwIllegalArgExceptionWhenPassingEmptyContactSetToAddNewPastMeeting" classname="ContactManagerImplTests.ContactManagerImplShould" time="0.012"/>
  <testcase name="returnNullMeetingIfGetMeetingCantFindId" classname="ContactManagerImplTests.ContactManagerImplShould" time="0.008"/>
  <testcase name="throwIllegalArgumentExceptionWhenPassingInvalidIdThrowGetContacts" classname="ContactManagerImplTests.ContactManagerImplShould" time="0.025"/>
  <testcase name="throwIllegalStateExceptionWhenPassingIdOfFutureMeetingThroughAddMeetingNotes" classname="ContactManagerImplTests.ContactManagerImplShould" time="0.011"/>
  <testcase name="notThrowExceptionWhenCallingAddFutureMeetingAndAllContactsAreKnown" classname="ContactManagerImplTests.ContactManagerImplShould" time="0.004"/>
  <testcase name="containNewlyCreatedContact" classname="ContactManagerImplTests.ContactManagerImplShould" time="0.006"/>
  <testcase name="returnAnIntWhenCallingAddNewContact" classname="ContactManagerImplTests.ContactManagerImplShould" time="0.007"/>
  <testcase name="returnMeetingListContainingTwoSpecifiedPastMeetingsByDate" classname="ContactManagerImplTests.ContactManagerImplShould" time="0.005"/>
  <testcase name="throwIllegalStateExceptionIfIdBelongsToPastMeeting" classname="ContactManagerImplTests.ContactManagerImplShould" time="0.003"/>
  <testcase name="returnNullMeetingIfGetFutureMeetingCantFindId" classname="ContactManagerImplTests.ContactManagerImplShould" time="0.003"/>
  <testcase name="returnAListThatIsChronologicallySortedWhenCallingGetPastMeetingListFor" classname="ContactManagerImplTests.ContactManagerImplShould" time="0.004"/>
  <testcase name="returnAListThatIsChronologicallySortedWhenCallingGetFutureMeeting" classname="ContactManagerImplTests.ContactManagerImplShould" time="0.003"/>
  <testcase name="returnsAnEmptyListIfContactIsNotContainedInAnyFutureMeetings" classname="ContactManagerImplTests.ContactManagerImplShould" time="0.044"/>
  <testcase name="throwIllegalArgumentExceptionWhenPassingNoIdsThroughGetContacts" classname="ContactManagerImplTests.ContactManagerImplShould" time="0.045"/>
  <testcase name="returnAListOfFutureMeetingsContainingKnownContactWhenCallingGetFutureMeetingList" classname="ContactManagerImplTests.ContactManagerImplShould" time="0.012"/>
  <testcase name="throwIllegalArgumentExceptionWhenCallingGetFutureMeetingWithUnknownContact" classname="ContactManagerImplTests.ContactManagerImplShould" time="0.006"/>
  <testcase name="throwNullPointerExceptionWhenPassingNullStrings" classname="ContactManagerImplTests.ContactManagerImplShould" time="0.022"/>
  <testcase name="throwNullPointerExceptionWhenPassingANullContactToGetPastMeetingFor" classname="ContactManagerImplTests.ContactManagerImplShould" time="0.003"/>
  <testcase name="throwNullPointerExceptionWhenPassingNullNotesThroughAddMeetingNotes" classname="ContactManagerImplTests.ContactManagerImplShould" time="0.003"/>
  <testcase name="returnsAnEmptyListIfContactIsNotContainedInAnyPastMeetings" classname="ContactManagerImplTests.ContactManagerImplShould" time="0.018"/>
  <system-out><![CDATA[]]></system-out>
  <system-err><![CDATA[]]></system-err>
</testsuite>
