<?xml version="1.0" encoding="UTF-8"?>
<testsuite name="MeetingImplShould" tests="4" skipped="0" failures="0" errors="0" timestamp="2017-03-18T20:45:11" hostname="NathanHsMacBook.home" time="0.033">
  <properties/>
  <testcase name="returnMeetingsWithIdsOneHigherThanGetter" classname="MeetingImplShould" time="0.007"/>
  <testcase name="createAContactWithAnID1HigherThanParamOfSetMax" classname="MeetingImplShould" time="0.003"/>
  <testcase name="returnASizeOf100WhenCallingGetContacts" classname="MeetingImplShould" time="0.0"/>
  <testcase name="returnDateInputWhenCallingGetDate" classname="MeetingImplShould" time="0.003"/>
  <system-out><![CDATA[]]></system-out>
  <system-err><![CDATA[]]></system-err>
</testsuite>
